F:\anaconda3\envs\py38\lib\site-packages\torch\nn\modules\rnn.py:812: UserWarning: RNN module weights are not part of single contiguous chunk of memory. This means they need to be compacted at every call, possibly greatly increasing memory usage. To compact weights again call flatten_parameters(). (Triggered internally at C:\actions-runner\_work\pytorch\pytorch\builder\windows\pytorch\aten\src\ATen\native\cudnn\RNN.cpp:982.)
  result = _VF.lstm(input, hx, self._flat_weights, self.bias, self.num_layers,
Fuzzy1:
Test Loss per batch:0.005295547191053629
accuracy:1.0,recall:1.0,precision:1.0,f1:1.0
FPR:0.0,FNR:0.0
TP:108.0,FP:0.0,TN:97.0,FN:0.0
-------------------------------------------
Fuzzy2:
Test Loss per batch:0.0009058117284439504
accuracy:1.0,recall:1.0,precision:1.0,f1:1.0
FPR:0.0,FNR:0.0
TP:76.0,FP:0.0,TN:129.0,FN:0.0
-------------------------------------------
Fuzzy3:
Test Loss per batch:0.009847023524343967
accuracy:0.9951219512195122,recall:0.9864864864864865,precision:1.0,f1:0.9931972789115646
FPR:0.0,FNR:0.013513513513513514
TP:73.0,FP:0.0,TN:131.0,FN:1.0
-------------------------------------------
Fuzzy4:
Test Loss per batch:0.0037754992954432964
accuracy:1.0,recall:1.0,precision:1.0,f1:1.0
FPR:0.0,FNR:0.0
TP:66.0,FP:0.0,TN:139.0,FN:0.0
-------------------------------------------
Fuzzy5:
Test Loss per batch:0.0009611541172489524
accuracy:1.0,recall:1.0,precision:1.0,f1:1.0
FPR:0.0,FNR:0.0
TP:70.0,FP:0.0,TN:135.0,FN:0.0
-------------------------------------------
Fuzzy6:
Test Loss per batch:0.00032527727307751775
accuracy:1.0,recall:1.0,precision:1.0,f1:1.0
FPR:0.0,FNR:0.0
TP:6.0,FP:0.0,TN:199.0,FN:0.0
-------------------------------------------
Fuzzy7:
Test Loss per batch:0.003849557600915432
accuracy:1.0,recall:1.0,precision:1.0,f1:1.0
FPR:0.0,FNR:0.0
TP:69.0,FP:0.0,TN:136.0,FN:0.0
-------------------------------------------
Fuzzy8:
Test Loss per batch:0.0012531316606327891
accuracy:1.0,recall:1.0,precision:1.0,f1:1.0
FPR:0.0,FNR:0.0
TP:91.0,FP:0.0,TN:114.0,FN:0.0
-------------------------------------------
Fuzzy9:
Test Loss per batch:0.0033279191702604294
accuracy:1.0,recall:1.0,precision:1.0,f1:1.0
FPR:0.0,FNR:0.0
TP:74.0,FP:0.0,TN:131.0,FN:0.0
-------------------------------------------
Fuzzy10:
Test Loss per batch:0.004838236141949892
accuracy:1.0,recall:1.0,precision:1.0,f1:1.0
FPR:0.0,FNR:0.0
TP:77.0,FP:0.0,TN:128.0,FN:0.0
-------------------------------------------
